advection/slt/kdpfnd.F90:48:!$OMP PARALLEL DO PRIVATE (K, I, II)
advection/slt/xqmass.F90:75:!$OMP PARALLEL DO PRIVATE (K, I)
advection/slt/xqmass.F90:85:!$OMP PARALLEL DO PRIVATE (M, CNST_TYPE, N, HWALAT, HWBLAT, K, HWAK, HWBK, &
advection/slt/difcor.F90:68:!$OMP PARALLEL DO PRIVATE (K, I)
advection/slt/difcor.F90:90:!$OMP PARALLEL DO PRIVATE (K, I)
advection/slt/difcor.F90:102:!$OMP PARALLEL DO PRIVATE (K, I)
advection/slt/omcalc.F90:62:!$OMP PARALLEL DO PRIVATE (I, SUML, D_I, U_I, V_I, PMID_I, PDEL_I, RPMID_I, &
advection/slt/qmassa.F90:61:!$OMP PARALLEL DO PRIVATE (M, K, I)
advection/slt/plevs0.F90:44:!$OMP PARALLEL DO PRIVATE (K, I)
advection/slt/plevs0.F90:53:!$OMP PARALLEL DO PRIVATE (K, I)
advection/slt/pdelb0.F90:40:!$OMP PARALLEL DO PRIVATE (K, I)
advection/slt/bandij.F90:69:!$OMP PARALLEL DO PRIVATE (K, I)
chemistry/mozart/efield.F90:315:!$omp parallel do private(ilat, ilon, mlat, pot)
chemistry/mozart/efield.F90:331:!$omp parallel do private(ilat, ilon, mlat_90, pot)
chemistry/mozart/efield.F90:1057:!$omp parallel do private(ilat)
chemistry/mozart/efield.F90:1116:!$omp parallel do private(ilat)
chemistry/mozart/efield.F90:1185:!$omp parallel do private(ilat,ilon,tmp)
chemistry/mozart/efield.F90:1224:!$omp parallel do private(ilat,ilon,mlt,mlat,es,ez,e_tot)
chemistry/mozart/efield.F90:1386:!$omp parallel do private(ilat,ilon,ilats)
chemistry/mozart/efield.F90:1444:!$omp parallel do private(ilat,ilon,ibnd,tw)
chemistry/mozart/efield.F90:1472:!$omp parallel do private(ilat,ilon,ibnd,tw,a,b,b1,b2,hb1,hb2,lat_ind,j1,j2,wrk1,wrk2)
chemistry/mozart/efield.F90:1531:!$omp parallel do private(j, i, wrk )
chemistry/mozart/efield.F90:1539:!$omp parallel do private(j, i, wrk )
chemistry/mozart/efield.F90:1563:!$omp parallel do private(j, i, wrk, coslm )
chemistry/utils/prescribed_ghg.F90:247:!$OMP PARALLEL DO PRIVATE (C, NCOL, OUTDATA, TO_MMR, tmpptr, pbuf_chnk)
chemistry/utils/prescribed_ozone.F90:235:!$OMP PARALLEL DO PRIVATE (C, NCOL, OUTDATA, TO_MMR, TMPPTR, PBUF_CHNK)
chemistry/utils/tracer_data.F90:1534:!$OMP PARALLEL DO PRIVATE (C, NCOL, F)
chemistry/utils/tracer_data.F90:1549:!$OMP PARALLEL DO PRIVATE (C, NCOL, F)
chemistry/utils/tracer_data.F90:1600:!$OMP PARALLEL DO PRIVATE (C, NCOL, PS, I, K, PIN, DATAIN, MODEL_Z, DATA_OUT)
chemistry/utils/prescribed_aero.F90:410:!$OMP PARALLEL DO PRIVATE (C, NCOL, OUTDATA,PBUF_CHNK)
chemistry/utils/aerodep_flx.F90:356:!$OMP PARALLEL DO PRIVATE (C, NCOL)
chemistry/utils/aircraft_emit.F90:324:!$OMP PARALLEL DO PRIVATE (C, NCOL, TO_MMR, tmpptr, pbuf_chnk)
control/cam_history.F90:4645:                 !$OMP PARALLEL DO PRIVATE (F)
control/cam_history.F90:4676:                 !$OMP PARALLEL DO PRIVATE (F)
dynamics/sld/diag_dynvar_ic.F90:36:!$OMP PARALLEL DO PRIVATE (LAT, M)
dynamics/sld/dp_coupling.F90:97:!$OMP PARALLEL DO PRIVATE (LCHNK, NCOL, I, K, M, LONS, LATS)
dynamics/sld/dp_coupling.F90:147:!$OMP PARALLEL DO PRIVATE (J, BPTER, I, K, M)
dynamics/sld/dp_coupling.F90:188:!$OMP PARALLEL DO PRIVATE (LCHNK, NCOL, CPTER, I, K, M)
dynamics/sld/dp_coupling.F90:221:!$OMP PARALLEL DO PRIVATE (LCHNK, NCOL, I, K, M, LONS, LATS, ZVIRV, pbuf_chnk)
dynamics/sld/dp_coupling.F90:328:!$OMP PARALLEL DO PRIVATE (LCHNK, NCOL, I, K, M, LONS, LATS)
dynamics/sld/dp_coupling.F90:380:!$OMP PARALLEL DO PRIVATE (LCHNK, NCOL, CPTER, I, K, M)
dynamics/sld/dp_coupling.F90:421:!$OMP PARALLEL DO PRIVATE (J, BPTER, I, K, M)
dynamics/sld/realloc4.F90:134:!$omp parallel do private(lat_l, ifld, k, i)
dynamics/sld/realloc4.F90:155:!$OMP PARALLEL DO PRIVATE (STEP, PROCID, LENGTH_R, BPOS, LAT_L, IFLD, K, I)
dynamics/sld/realloc4.F90:206:!$OMP PARALLEL DO PRIVATE (STEP, PROCID, BEGLAT_R, ENDLAT_R, BPOS, LAT_R, IFLD, K, I)
dynamics/sld/realloc4.F90:358:!$omp parallel do private(lat_l, ifld, k, i)
dynamics/sld/realloc4.F90:383:!$OMP PARALLEL DO PRIVATE (STEP, PROCID, BEGLAT_R, ENDLAT_R, BPOS, LAT_R, K, IFLD, I)
dynamics/sld/realloc4.F90:437:!$OMP PARALLEL DO PRIVATE (STEP, PROCID, LENGTH_R, BPOS, LAT_L, K, IFLD, I)
dynamics/sld/dyndrv.F90:62:!$OMP PARALLEL DO PRIVATE (IROW)
dynamics/sld/dyndrv.F90:86:!$OMP PARALLEL DO PRIVATE(LM)
dynamics/sld/dyndrv.F90:101:!$OMP PARALLEL DO PRIVATE(LM)
dynamics/sld/dyndrv.F90:133:!$OMP PARALLEL DO PRIVATE(K)
dynamics/sld/scan2.F90:185:!$OMP PARALLEL DO PRIVATE (J)
dynamics/sld/scan2.F90:201:!$OMP PARALLEL DO PRIVATE (LAT, J)
dynamics/sld/scan2.F90:242:!$OMP PARALLEL DO PRIVATE (LAT, IROW)
dynamics/sld/scan2.F90:274:!$OMP PARALLEL DO PRIVATE (LAT, J)
dynamics/sld/scan2.F90:410:!$OMP PARALLEL DO PRIVATE (LAT,J)
dynamics/sld/scan2.F90:642:!$OMP PARALLEL DO PRIVATE (STEP, PROCID, BEGLAT_P, ENDLAT_P, NUMLATS_P, BUFPOS, JSTRT_P, I, J, M)
dynamics/sld/scanslt.F90:468:!$OMP PARALLEL DO PRIVATE (C)
dynamics/sld/scanslt.F90:482:!$OMP PARALLEL DO PRIVATE (C)
dynamics/sld/scanslt.F90:518:!$OMP PARALLEL DO PRIVATE(LAT)
dynamics/sld/scanslt.F90:535:!$OMP PARALLEL DO PRIVATE (IROW, LATN, LATS)
dynamics/sld/scanslt.F90:666:!$OMP PARALLEL DO PRIVATE (I,K,J,JCEN,ICEN)
dynamics/sld/scanslt.F90:677:!$OMP PARALLEL DO PRIVATE (I,K,J,ICEN,JCEN,IROW,PINT,PMID,PDEL)
dynamics/sld/scanslt.F90:713:!$OMP PARALLEL DO PRIVATE (I,K,J,C,ICEN,JCEN)
dynamics/sld/scanslt.F90:750:!$OMP PARALLEL DO PRIVATE (I,K,J,JCEN,ICEN)
dynamics/sld/scanslt.F90:762:!$OMP PARALLEL DO PRIVATE (I,K,J,ICEN,JCEN)
dynamics/sld/scanslt.F90:793:!$OMP PARALLEL DO PRIVATE (I,K,J,ICEN,JCEN)
dynamics/sld/scanslt.F90:811:!$OMP PARALLEL DO PRIVATE (I,K,J,C,ICEN,JCEN)
dynamics/sld/scanslt.F90:1326:!$OMP PARALLEL DO PRIVATE (LAT,WORK)
dynamics/sld/inidat.F90:223:!$omp parallel do private(lat)
dynamics/sld/inidat.F90:648:!$omp parallel do private(lat)
dynamics/sld/inidat.F90:777:!$omp parallel do private(lat)
dynamics/sld/scandyn.F90:80:!$OMP PARALLEL DO PRIVATE (LAT)
dynamics/sld/spegrd.F90:278:!$OMP PARALLEL DO PRIVATE (LAT, WORK)
dynamics/sld/realloc7.F90:153:!$OMP PARALLEL DO PRIVATE (STEP, PROCID, BEGLAT_P, ENDLAT_P, NUMLATS_P, JSTRT_P, BUFPOS, J, K)
dynamics/fv/diag_dynvar_ic.F90:69:!$OMP PARALLEL DO PRIVATE (I, J, K, M, TMP)
dynamics/fv/dp_coupling.F90:200:!$omp parallel do private (lchnk)
dynamics/fv/dp_coupling.F90:276:!$omp parallel do private (lchnk, ncol, i, k, m, ic, jc, lons, lats, pic)
dynamics/fv/dp_coupling.F90:364:!$omp parallel do private (j, i, ib, k, m)
dynamics/fv/dp_coupling.F90:407:!$omp parallel do private (lchnk, ncol, i, k, m, cpter)
dynamics/fv/dp_coupling.F90:466:!$omp parallel do private (lchnk, ncol, i, k, m, qmavl, dqreq, qbot, qbotm1, zvirv, pbuf_chnk, mmrSum_O_O2_H)
dynamics/fv/dp_coupling.F90:741:!$omp parallel do private(lchnk, i, k, ncol, m, lons, lats)
dynamics/fv/dp_coupling.F90:777:!$omp parallel do private (lchnk, ncol, i, k, m, cpter)
dynamics/fv/dp_coupling.F90:816:!$omp parallel do private (j, i, ib, k, m)
dynamics/fv/dp_coupling.F90:845:!$omp parallel do private(i,j,k)
dynamics/fv/uv3s_update.F90:108:!$omp parallel do private (i, j, k)
dynamics/fv/uv3s_update.F90:158:!$omp parallel do private (i, j, k, u3s_tmp, v3s_tmp, fu3s_tmp, fv3s_tmp)
dynamics/fv/metdata.F90:966:!$omp parallel do private (i, j, k)
dynamics/fv/metdata.F90:1278:!$omp parallel do private(i,j,k)
dynamics/fv/sw_core.F90:264:!$omp parallel do default(shared) private(j,i)
dynamics/fv/sw_core.F90:276:!$omp parallel do default(shared) private(j,i)
dynamics/fv/sw_core.F90:287:!$omp parallel do default(shared) private(j,i)
dynamics/fv/sw_core.F90:317:!$omp parallel do default(shared) private(j,i)
dynamics/fv/sw_core.F90:346:!$omp parallel do default(shared) private(j,i)
dynamics/fv/sw_core.F90:363:!$omp parallel do default(shared) private(j,i)
dynamics/fv/sw_core.F90:398:!$omp parallel do default(shared) private(j,i)
dynamics/fv/sw_core.F90:420:!$omp parallel do default(shared) private(j,i)
dynamics/fv/sw_core.F90:436:!$omp parallel do default(shared) private(j,i)
dynamics/fv/sw_core.F90:446:!$omp parallel do default(shared) private(j,i)
dynamics/fv/sw_core.F90:463:!$omp parallel do default(shared) private(j,i)
dynamics/fv/sw_core.F90:478:!$omp parallel do default(shared) private(j,i)
dynamics/fv/sw_core.F90:492:!$omp parallel do default(shared) private(j,i)
dynamics/fv/sw_core.F90:514:!$omp parallel do default(shared) private(j,i)
dynamics/fv/sw_core.F90:523:!$omp parallel do default(shared) private(j,i)
dynamics/fv/sw_core.F90:840:!$omp parallel do default(shared) private(j,i)
dynamics/fv/sw_core.F90:849:!$omp parallel do default(shared) private(j,i)
dynamics/fv/sw_core.F90:866:!$omp parallel do default(shared) private(j,i)
dynamics/fv/sw_core.F90:876:!$omp parallel do default(shared) private(j,i)
dynamics/fv/sw_core.F90:905:!$omp parallel do default(shared) private(j,i)
dynamics/fv/sw_core.F90:918:!$omp parallel do default(shared) private(j,i)
dynamics/fv/sw_core.F90:928:!$omp parallel do default(shared) private(j,i)
dynamics/fv/sw_core.F90:938:!$omp parallel do default(shared) private(j,i)
dynamics/fv/sw_core.F90:950:!$omp parallel do default(shared) private(j,i)
dynamics/fv/sw_core.F90:969:!$omp parallel do default(shared) private(j,i)
dynamics/fv/sw_core.F90:981:!$omp parallel do default(shared) private(j,i)
dynamics/fv/sw_core.F90:995:!$omp parallel do default(shared) private(j,i)
dynamics/fv/sw_core.F90:1005:!$omp parallel do default(shared) private(j,i)
dynamics/fv/sw_core.F90:1028:!$omp parallel do default(shared) private(j,i)
dynamics/fv/sw_core.F90:1049:!$omp parallel do default(shared) private(j,i)
dynamics/fv/sw_core.F90:1067:!$omp parallel do default(shared) private(j,i)
dynamics/fv/sw_core.F90:1085:!$omp parallel do default(shared) private(j,i)
dynamics/fv/sw_core.F90:1126:!$omp parallel do default(shared) private(j,i)
dynamics/fv/sw_core.F90:1135:!$omp parallel do default(shared) private(j,i)
dynamics/fv/sw_core.F90:1155:!$omp parallel do default(shared) private(j,i)
dynamics/fv/sw_core.F90:1326:!$omp parallel do default(shared) private(j,i)
dynamics/fv/sw_core.F90:1369:!$omp parallel do default(shared) private(j,i)
dynamics/fv/sw_core.F90:1383:!$omp parallel do default(shared) private(j,i)
dynamics/fv/sw_core.F90:1398:!$omp parallel do default(shared) private(j,i)
dynamics/fv/sw_core.F90:1408:!$omp parallel do default(shared) private(j,i)
dynamics/fv/pfixer.F90:389:!$omp parallel do private( j, k, sum1 )
dynamics/fv/pfixer.F90:543:!$omp parallel do private( i, j, k, fxmean, fxintegral )
dynamics/fv/pfixer.F90:558:!$omp parallel do private( j, k )
dynamics/fv/p_d_adjust.F90:103:       !$omp parallel do private(i,k,m)
dynamics/fv/p_d_adjust.F90:153:       !$omp parallel do private(i,k,m)
dynamics/fv/p_d_adjust.F90:174:       !$omp parallel do private(i,k,m)
dynamics/fv/p_d_adjust.F90:224:       !$omp parallel do private(i,k,m)
dynamics/fv/p_d_adjust.F90:251:    !$omp parallel do private(i, j)
dynamics/fv/p_d_adjust.F90:258:    !$omp parallel do private(i, j, k)
dynamics/fv/p_d_adjust.F90:273:    !$omp parallel do private(i, j, k)
dynamics/fv/p_d_adjust.F90:300:    !$omp parallel do private(i, j, k)
dynamics/fv/dyn_comp.F90:1502:!$omp parallel do private(i,j,k)
dynamics/fv/dyn_comp.F90:1554:!$omp parallel do private(i,j,k)
dynamics/fv/dyn_comp.F90:1649:!$omp parallel do private(i,j,k)
dynamics/fv/dyn_comp.F90:1658:!$omp parallel do private(i,j,k)
dynamics/fv/dyn_comp.F90:1667:!$omp parallel do private(i,j,k)
dynamics/fv/dyn_comp.F90:1730:!$omp parallel do private(i, j, k)
dynamics/fv/dyn_comp.F90:1809:!$omp parallel do private(j)
dynamics/fv/dyn_comp.F90:1888:!$omp parallel do private(i,j,k)
dynamics/fv/dyn_comp.F90:1898:!$omp parallel do private(i,j,k)
dynamics/fv/dyn_comp.F90:1907:!$omp parallel do private(i,j,k)
dynamics/fv/dyn_comp.F90:1930:!$omp parallel do private(i,j,k)
dynamics/fv/dyn_comp.F90:1970:!$omp parallel do private(i,j,k)
dynamics/fv/dyn_comp.F90:2188:!$omp parallel do private(i,j,k)
dynamics/fv/dyn_comp.F90:2240:!$omp parallel do private(i,j)
dynamics/fv/dyn_comp.F90:2314:!$omp parallel do private(i,j,k)
dynamics/fv/dyn_comp.F90:2332:!$omp parallel do private(i,j,k,mq)
dynamics/fv/dyn_comp.F90:2374:!$omp parallel do private(i,j,k)
dynamics/fv/tp_core.F90:123:!$omp parallel do default(shared) private(j,i)
dynamics/fv/tp_core.F90:239:!$omp parallel do default(shared) private(j,i)
dynamics/fv/tp_core.F90:267:!$omp parallel do default(shared) private(j,i,jp)
dynamics/fv/tp_core.F90:363:!$omp parallel do default(shared) private(j,i,iuw,iue,iu,itmp,isave,tmp,qmax,qmin,dm,rut,ist,al,ar,a6)
dynamics/fv/tp_core.F90:1052:!$omp parallel do default(shared) private(j,i,jt)
dynamics/fv/tp_core.F90:1076:!$omp parallel do default(shared) private(j,i,jt)
dynamics/fv/tp_core.F90:1088:!$omp parallel do default(shared) private(j,i)
dynamics/fv/tp_core.F90:1154:!$omp parallel do default(shared) private(j,i)
dynamics/fv/tp_core.F90:1229:!$omp parallel do default(shared) private(j,i,qmax,qmin)
dynamics/fv/tp_core.F90:1320:!$omp parallel do default(shared) private(j,i)
dynamics/fv/tp_core.F90:1333:!$omp parallel do default(shared) private(j,i)
dynamics/fv/tp_core.F90:1381:!$omp parallel do default(shared) private(j,i)
dynamics/fv/tp_core.F90:1412:!$omp parallel do default(shared) private(j,i)
dynamics/fv/tp_core.F90:1516:!$omp parallel do default(shared) private(j,i)
dynamics/fv/tp_core.F90:1560:!$omp parallel do default(shared) private(j,i,jp)
dynamics/fv/tp_core.F90:1649:!$omp parallel do default(shared) private(j,i,jt)
dynamics/fv/tp_core.F90:1662:!$omp parallel do default(shared) private(j,i)
dynamics/fv/tp_core.F90:1725:!$omp parallel do default(shared) private(j,i,qmax,qmin)
dynamics/fv/tp_core.F90:1750:!$omp parallel do default(shared) private(j,i,jt)
dynamics/fv/cd_core.F90:609:!$omp parallel do private(i, j, k, wk, wk2)
dynamics/fv/cd_core.F90:669:!$omp parallel do private(k, wk, wk2)
dynamics/fv/cd_core.F90:711:!$omp parallel do private(i, j, k, iord, jord)    
dynamics/fv/cd_core.F90:774:!$omp parallel do private(i, j, k)
dynamics/fv/cd_core.F90:834:!$omp parallel do private(i, j, k)
dynamics/fv/cd_core.F90:886:!$omp parallel do private(i, j, k)
dynamics/fv/cd_core.F90:895:!$omp parallel do private(i, j, k)
dynamics/fv/cd_core.F90:908:!$omp parallel do private(i, j, k)
dynamics/fv/cd_core.F90:954:!$omp parallel do private(i, j, k, p1d, wk, wk2)
dynamics/fv/cd_core.F90:1018:!$omp parallel do private(i, j, k, wk, wk1 )
dynamics/fv/cd_core.F90:1085:!$omp parallel do private(i, j, k, iord, jord) 
dynamics/fv/cd_core.F90:1168:!$omp parallel do private(i, j, k)
dynamics/fv/cd_core.F90:1199:!$omp parallel do private(i,j,k)
dynamics/fv/cd_core.F90:1237:!$omp parallel do private(i,j,k)
dynamics/fv/cd_core.F90:1287:!$omp parallel do private(i, j, k)
dynamics/fv/cd_core.F90:1296:!$omp parallel do private(i, j, k)
dynamics/fv/cd_core.F90:1308:!$omp parallel do private(i, j, k)
dynamics/fv/cd_core.F90:1351:!$omp parallel do private(i, j, k, wk, wk2)
dynamics/fv/cd_core.F90:1373:!$omp parallel do private(i, j, k)
dynamics/fv/cd_core.F90:1398:!$omp parallel do private(i, j, k)
dynamics/fv/cd_core.F90:1413:!$omp parallel do private(i, j, k, wk3, wk1)
dynamics/fv/cd_core.F90:1516:!$omp parallel do private(i, j, k, wk, wk1, wk2, wk3)
dynamics/fv/benergy.F90:175:!$omp parallel do private(j, k)
dynamics/fv/benergy.F90:183:      !$omp parallel do private(j, k)
dynamics/fv/benergy.F90:195:!$omp parallel do private(i, j, k, u2, v2, tm)
dynamics/fv/benergy.F90:262:!$omp parallel do private(i, k, tmp)
dynamics/fv/benergy.F90:273:!$omp parallel do private(i, k, tmp)
dynamics/fv/benergy.F90:284:!$omp parallel do private(i,j,k,gztop)
dynamics/fv/benergy.F90:327:!$omp parallel do private(j)
dynamics/fv/diag_module.F90:140:!$omp parallel do private(i,j,k,pm,grad, sum1)
dynamics/fv/ctem.F90:128:!omp parallel do private (i,j,k,pexf,psurf)
dynamics/fv/stepon.F90:206:!$omp parallel do private(i,j,k)
dynamics/fv/stepon.F90:218:!$omp parallel do private(i,j,k)
dynamics/fv/stepon.F90:227:!$omp parallel do private(i,j,k)
dynamics/fv/stepon.F90:249:!$omp parallel do private(i,j,k)
dynamics/fv/stepon.F90:269:!$omp parallel do private(i,j,k)
dynamics/fv/trac2d.F90:163:!$omp parallel do default(shared) private(i,j,k,cmax)
dynamics/fv/trac2d.F90:304:!$omp parallel do default(shared) private(i,j,k,sum1,sum2)
dynamics/fv/trac2d.F90:381:!$omp parallel do default(shared)    &
dynamics/fv/trac2d.F90:418:!$omp parallel do private(i, j, k) schedule( dynamic,1 )
dynamics/fv/gravity_waves_sources.F90:79:      !$omp parallel do private (i,j,k,pexf)
dynamics/fv/gravity_waves_sources.F90:99:      !$omp parallel do private (i,j,k)
dynamics/fv/gravity_waves_sources.F90:122:      !$omp parallel do private (i,j,k,im,ip)
dynamics/fv/gravity_waves_sources.F90:146:      !$omp parallel do private (i,j,k, tglat)
dynamics/fv/gravity_waves_sources.F90:166:      !$omp parallel do private (i,j,k)
dynamics/fv/gravity_waves_sources.F90:267:!$omp parallel do private(j, k)
dynamics/fv/fv_prints.F90:175:!$omp parallel do private(lchnk, ncol)
dynamics/fv/fv_prints.F90:220:!$omp parallel do private(i, j, k)
dynamics/fv/fv_prints.F90:229:!$omp parallel do private(i, j, k)
dynamics/fv/fv_prints.F90:261:!$omp parallel do private(lchnk, ncol)
dynamics/eul/diag_dynvar_ic.F90:40:!$OMP PARALLEL DO PRIVATE (LAT, M)
dynamics/eul/limdy.F90:95:!$OMP PARALLEL DO PRIVATE (K, I)
dynamics/eul/limdy.F90:105:!$OMP PARALLEL DO PRIVATE (K, I, DELI, TMP1, TMP2)
dynamics/eul/dp_coupling.F90:100:!$OMP PARALLEL DO PRIVATE (LCHNK, NCOL, I, K, M, LONS, LATS)
dynamics/eul/dp_coupling.F90:156:!$OMP PARALLEL DO PRIVATE (J, BPTER, I, K, M)
dynamics/eul/dp_coupling.F90:167:!$OMP PARALLEL DO PRIVATE (K, I, M)
dynamics/eul/dp_coupling.F90:201:!$OMP PARALLEL DO PRIVATE (LCHNK, NCOL, CPTER, I, K, M)
dynamics/eul/dp_coupling.F90:238:!$OMP PARALLEL DO PRIVATE (LCHNK, NCOL, I, K, M, LONS, LATS, ZVIRV, pbuf_chnk)
dynamics/eul/dp_coupling.F90:344:!$OMP PARALLEL DO PRIVATE (LCHNK, NCOL, I, K, M, LONS, LATS)
dynamics/eul/dp_coupling.F90:393:!$OMP PARALLEL DO PRIVATE (LCHNK, NCOL, CPTER, I, K, M)
dynamics/eul/dp_coupling.F90:435:!$OMP PARALLEL DO PRIVATE (J, BPTER, I, K, M)
dynamics/eul/dp_coupling.F90:445:!$OMP PARALLEL DO PRIVATE (K, I, M)
dynamics/eul/tstep.F90:63:!$OMP PARALLEL DO PRIVATE (K, HHREF, HBPS, N, IR, II, KK)
dynamics/eul/tstep.F90:103:!$OMP PARALLEL DO PRIVATE (K, KK, N, IR, II)
dynamics/eul/tstep.F90:117:!$OMP PARALLEL DO PRIVATE (K, N, IR, II)
dynamics/eul/tstep.F90:142:!$OMP PARALLEL DO PRIVATE (K, KK, NN)
dynamics/eul/herxin.F90:115:!$OMP PARALLEL DO PRIVATE (K, I, XL, XR)
dynamics/eul/herxin.F90:131:!$OMP PARALLEL DO PRIVATE (N, K, I)
dynamics/eul/herxin.F90:147:!$OMP PARALLEL DO PRIVATE (J)
dynamics/eul/herxin.F90:153:!$OMP PARALLEL DO PRIVATE (K, I, XL, XR)
dynamics/eul/herxin.F90:170:!$OMP PARALLEL DO PRIVATE (K, I)
dynamics/eul/herxin.F90:182:!$OMP PARALLEL DO PRIVATE (K, I, XL, XR)
dynamics/eul/herxin.F90:198:!$OMP PARALLEL DO PRIVATE (K, I)
dynamics/eul/herxin.F90:210:!$OMP PARALLEL DO PRIVATE (K, I, XL, XR)
dynamics/eul/herxin.F90:226:!$OMP PARALLEL DO PRIVATE (K, I)
dynamics/eul/herxin.F90:238:!$OMP PARALLEL DO PRIVATE (K, I, XL, XR)
dynamics/eul/herxin.F90:254:!$OMP PARALLEL DO PRIVATE (K, I)
dynamics/eul/realloc4.F90:137:!$OMP PARALLEL DO PRIVATE(K, IFLD, I)
dynamics/eul/realloc4.F90:151:!$OMP PARALLEL DO PRIVATE (STEP, PROCID, LENGTH_R, BPOS, LAT_L, IFLD, K, I)
dynamics/eul/realloc4.F90:191:!$OMP PARALLEL DO PRIVATE (STEP, PROCID, BEGLAT_R, ENDLAT_R, BPOS, LAT_R, IFLD, K, I)
dynamics/eul/realloc4.F90:333:!$OMP PARALLEL DO PRIVATE(K, IFLD, I)
dynamics/eul/realloc4.F90:342:!$OMP PARALLEL DO PRIVATE(IFLD, I)
dynamics/eul/realloc4.F90:351:!$OMP PARALLEL DO PRIVATE (STEP, PROCID, BEGLAT_R, ENDLAT_R, BPOS, LAT_R, K, IFLD, I)
dynamics/eul/realloc4.F90:394:!$OMP PARALLEL DO PRIVATE (STEP, PROCID, LENGTH_R, BPOS, LAT_L, K, IFLD, I)
dynamics/eul/heryin.F90:103:!$OMP PARALLEL DO PRIVATE (K, I)
dynamics/eul/heryin.F90:119:!$OMP PARALLEL DO PRIVATE (K, I)
dynamics/eul/dyndrv.F90:71:!$OMP PARALLEL DO PRIVATE (IROW)
dynamics/eul/dyndrv.F90:106:!$OMP PARALLEL DO PRIVATE(LM)
dynamics/eul/dyndrv.F90:134:!$OMP PARALLEL DO PRIVATE(K)
dynamics/eul/scan2.F90:180:!$OMP PARALLEL DO PRIVATE (J)
dynamics/eul/scan2.F90:193:!$OMP PARALLEL DO PRIVATE (LAT, J)
dynamics/eul/scan2.F90:226:!$OMP PARALLEL DO PRIVATE (LAT, IROW)
dynamics/eul/scan2.F90:254:!$OMP PARALLEL DO PRIVATE (LAT)
dynamics/eul/scan2.F90:438:!$OMP PARALLEL DO PRIVATE (LAT)
dynamics/eul/scan2.F90:672:!$OMP PARALLEL DO PRIVATE (STEP, PROCID, BEGLAT_P, ENDLAT_P, NUMLATS_P, BUFPOS, JSTRT_P, I, J, M)
dynamics/eul/scanslt.F90:383:!$OMP PARALLEL DO PRIVATE (LAT, IROW, JCEN)
dynamics/eul/scanslt.F90:459:!$OMP PARALLEL DO PRIVATE (J,K,I,C)
dynamics/eul/scanslt.F90:462:!$OMP PARALLEL DO PRIVATE (K,I,C)
dynamics/eul/scanslt.F90:518:!$OMP PARALLEL DO PRIVATE (LAT, IROW, PINT, PMID, PDEL)
dynamics/eul/scanslt.F90:541:!$OMP PARALLEL DO PRIVATE (J,K,I,C)
dynamics/eul/scanslt.F90:544:!$OMP PARALLEL DO PRIVATE (K,I,C)
dynamics/eul/scanslt.F90:1084:!$OMP PARALLEL DO PRIVATE (K, I)
dynamics/eul/scanslt.F90:1225:!$OMP PARALLEL DO PRIVATE (K, I)
dynamics/eul/scanslt.F90:1240:!$OMP PARALLEL DO PRIVATE (K, I)
dynamics/eul/scanslt.F90:1295:!$OMP PARALLEL DO PRIVATE (K, I)
dynamics/eul/cubydr.F90:97:!$OMP PARALLEL DO PRIVATE (K, INDX, M, II, I)
dynamics/eul/trjmps.F90:62:!$OMP PARALLEL DO PRIVATE (K, I)
dynamics/eul/inidat.F90:216:       !$omp parallel do private(lat)
dynamics/eul/inidat.F90:542:!$omp parallel do private(lat)
dynamics/eul/inidat.F90:648:!$omp parallel do private(lat)
dynamics/eul/inidat.F90:841:!$omp parallel do private(lat)
dynamics/eul/sphdep.F90:165:!$OMP PARALLEL DO PRIVATE (K, I)
dynamics/eul/sphdep.F90:253:!$OMP PARALLEL DO PRIVATE (K, I)
dynamics/eul/sphdep.F90:418:!$OMP PARALLEL DO PRIVATE (K, I, SPHIGC, CPHIGC, CLAMGC, S_NVAL)
dynamics/eul/sphdep.F90:451:!$OMP PARALLEL DO PRIVATE (K, II, I, SLAM2, PHIPI2)
dynamics/eul/sphdep.F90:530:!$OMP PARALLEL DO PRIVATE (K, I, SPHISC, CPHISC, CLAMSC)
dynamics/eul/sphdep.F90:607:!$OMP PARALLEL DO PRIVATE (K, I, DLAM, SDLAM, CDLAM, SPHID, CPHID, SPHIP, &
dynamics/eul/sphdep.F90:678:!$OMP PARALLEL DO PRIVATE (K, I)
dynamics/eul/sphdep.F90:752:!$OMP PARALLEL DO PRIVATE (K, I)
dynamics/eul/quad.F90:105:!$OMP PARALLEL DO PRIVATE(J, ZCSJ, ZRCSJ, ZDTRC, ZTDTRC)
dynamics/eul/quad.F90:125:!$OMP PARALLEL DO PRIVATE(N, J, IR, II, ZWALP)
dynamics/eul/quad.F90:135:!$OMP PARALLEL DO PRIVATE(N, J, IR, II, ZWALP)
dynamics/eul/quad.F90:162:!$OMP PARALLEL DO PRIVATE(J, K)
dynamics/eul/quad.F90:205:!$OMP PARALLEL DO PRIVATE(N, J, ZWDALP, ZWALP, KV)
dynamics/eul/quad.F90:216:!$OMP PARALLEL DO PRIVATE(N, J, ZWDALP, ZWALP, KV)
dynamics/eul/quad.F90:230:!$OMP PARALLEL DO PRIVATE(N, J, SQZWALP, KV)
dynamics/eul/quad.F90:239:!$OMP PARALLEL DO PRIVATE(N, J, SQZWALP, KV)
dynamics/eul/quad.F90:251:!$OMP PARALLEL DO PRIVATE(N, IR, II, K)
dynamics/eul/quad.F90:264:!$OMP PARALLEL DO PRIVATE(N, IR, II, K)
dynamics/eul/scandyn.F90:123:!$OMP PARALLEL DO PRIVATE (LAT)
dynamics/eul/scandyn.F90:144:!$OMP PARALLEL DO PRIVATE (IROW, LATN, LATS)
dynamics/eul/scandyn.F90:182:!$OMP PARALLEL DO PRIVATE (LAT, IROW)
dynamics/eul/herzin.F90:82:!$OMP PARALLEL DO PRIVATE (K, I, DZK, ZT, ZB, HT, HB, DHT, DHB, M)
dynamics/eul/cubzdr.F90:66:!$OMP PARALLEL DO PRIVATE (K, I)
dynamics/eul/spegrd.F90:264:!$OMP PARALLEL DO PRIVATE (LAT, NTR, K, IFLD, WORK)
dynamics/eul/spegrd.F90:268:!$OMP PARALLEL DO PRIVATE (K, WORK)
dynamics/eul/spegrd.F90:275:!$OMP PARALLEL DO PRIVATE (IFLD, WORK)
dynamics/eul/spegrd.F90:402:!$OMP PARALLEL DO PRIVATE (K, I)
dynamics/eul/spegrd.F90:419:!$OMP PARALLEL DO PRIVATE (I)
dynamics/eul/spegrd.F90:456:!$OMP PARALLEL DO PRIVATE (M, K, DOTPRODA, DOTPRODB, I)
dynamics/eul/spegrd.F90:483:!$OMP PARALLEL DO PRIVATE (I)
dynamics/eul/stats.F90:60:!$OMP PARALLEL DO PRIVATE (IFLD, K, I, PRAT)
dynamics/eul/lagyin.F90:104:!$OMP PARALLEL DO PRIVATE (K, INDX, II, I, YMY3, YMY4, COEF12, YMY2, YMY1, COEF34)
dynamics/eul/lagyin.F90:139:!$OMP PARALLEL DO PRIVATE (K, I)
dynamics/eul/realloc7.F90:154:!$OMP PARALLEL DO PRIVATE (STEP, PROCID, BEGLAT_P, ENDLAT_P, NUMLATS_P, JSTRT_P, BUFPOS, J, K)
dynamics/eul/linemsdyn.F90:193:!$OMP PARALLEL DO PRIVATE (K, I, WIND)
dynamics/eul/linemsdyn.F90:216:!$OMP PARALLEL DO PRIVATE (K, I)
dynamics/eul/linemsdyn.F90:231:!$OMP PARALLEL DO PRIVATE (I)
dynamics/eul/linemsdyn.F90:267:!$OMP PARALLEL DO PRIVATE (K, I)
dynamics/eul/linemsdyn.F90:275:!$OMP PARALLEL DO PRIVATE (I, K)
dynamics/eul/linemsdyn.F90:283:!$OMP PARALLEL DO PRIVATE (K, KK, I)
dynamics/eul/linemsdyn.F90:297:!$OMP PARALLEL DO PRIVATE (K, DTDZ, I, LVCOUR)
dynamics/eul/linemsdyn.F90:314:!$OMP PARALLEL DO PRIVATE (K, I)
dynamics/eul/linemsdyn.F90:327:!$OMP PARALLEL DO PRIVATE (K, I)
dynamics/eul/linemsdyn.F90:419:!$OMP PARALLEL DO PRIVATE (LAT, NTR, K, WORK)
dynamics/eul/linemsdyn.F90:423:!$OMP PARALLEL DO PRIVATE (K, WORK)
dynamics/eul/limdz.F90:77:!$OMP PARALLEL DO PRIVATE (K, RDSIG, I, DELI, TMP1, TMP2)
dynamics/eul/grmult.F90:121:!$OMP PARALLEL DO PRIVATE (K, I)
dynamics/eul/grmult.F90:128:!$OMP PARALLEL DO PRIVATE (I, K, VKDP)
dynamics/eul/grmult.F90:168:!$OMP PARALLEL DO PRIVATE (K, I)
dynamics/eul/grmult.F90:179:!$OMP PARALLEL DO PRIVATE (K, I)
dynamics/eul/grmult.F90:196:!$OMP PARALLEL DO PRIVATE (K, I, TMPK, TMPKP1, TMP)
dynamics/eul/grmult.F90:269:!$OMP PARALLEL DO PRIVATE (K, TMP, I)
dynamics/eul/grmult.F90:287:!$OMP PARALLEL DO PRIVATE (K, I)
dynamics/eul/grmult.F90:301:!$OMP PARALLEL DO PRIVATE (K, I)
dynamics/eul/grmult.F90:312:!$OMP PARALLEL DO PRIVATE (K, KK, I)
dynamics/eul/tfilt_massfix.F90:211:!$OMP PARALLEL DO PRIVATE (K, I)
dynamics/eul/tfilt_massfix.F90:220:!$OMP PARALLEL DO PRIVATE (K, I)
dynamics/eul/tfilt_massfix.F90:234:!$OMP PARALLEL DO PRIVATE (I)
dynamics/eul/tfilt_massfix.F90:258:!$OMP PARALLEL DO PRIVATE (K, I, IFCNT, WORST, WM, ABSF)
dynamics/eul/tfilt_massfix.F90:300:!$OMP PARALLEL DO PRIVATE (K, I)
dynamics/eul/tfilt_massfix.F90:323:!$OMP PARALLEL DO PRIVATE (M)
dynamics/eul/tfilt_massfix.F90:357:!$OMP PARALLEL DO PRIVATE (K, I, M)
dynamics/eul/tfilt_massfix.F90:406:!$OMP PARALLEL DO PRIVATE (K, I)
dynamics/eul/tfilt_massfix.F90:415:!$OMP PARALLEL DO PRIVATE (M, K, I)
dynamics/eul/tfilt_massfix.F90:428:!$OMP PARALLEL DO PRIVATE (M)
dynamics/eul/tfilt_massfix.F90:439:!$OMP PARALLEL DO PRIVATE (I)
dynamics/se/interp_mod.F90:146:          !$omp parallel do private (lchnk, ncols, pgcols, icol, idmb1, idmb2, idmb3, ie, ioff, m)
dynamics/se/interp_mod.F90:165:          !$omp parallel do private (lchnk, ncols, cpter, i, icol)
dynamics/se/interp_mod.F90:184:!$omp parallel do private (ie, bpter, icol)
dynamics/se/interp_mod.F90:332:          !$omp parallel do private (lchnk, ncols, pgcols, icol, idmb1, idmb2, idmb3, ie, ioff, m)
dynamics/se/interp_mod.F90:353:          !$omp parallel do private (lchnk, ncols, cpter, i, icol)
dynamics/se/interp_mod.F90:374:             !$omp parallel do private (ie, bpter, icol)
dynamics/se/dp_coupling.F90:83:!$omp parallel do private (lchnk)
dynamics/se/dp_coupling.F90:131:!$omp parallel do private (lchnk, ncols, pgcols, icol, idmb1, idmb2, idmb3, ie, ioff, ilyr, m)
dynamics/se/dp_coupling.F90:169:!$omp parallel do private (ie, bpter, icol, ilyr, m)
dynamics/se/dp_coupling.F90:207:!$omp parallel do private (lchnk, ncols, cpter, icol, ilyr, m)
dynamics/se/dp_coupling.F90:248:!$omp parallel do private (lchnk, ncols, ilyr, icol)
dynamics/se/dp_coupling.F90:321:!$omp parallel do private (lchnk, ncols, pgcols, icol, idmb1, idmb2, idmb3, ie, ioff, ilyr, m)
dynamics/se/dp_coupling.F90:352:!$omp parallel do private (lchnk, ncols, cpter, i, icol, ilyr, m)
dynamics/se/dp_coupling.F90:383:!$omp parallel do private (ie, bpter, icol, ilyr, m)
dynamics/se/dp_coupling.F90:462:!$omp parallel do private (lchnk, ncol, k, i, zvirv, pbuf_chnk)
dynamics/se/dyn_comp.F90:138:!$omp parallel
dynamics/se/dyn_comp.F90:271:       !$OMP PARALLEL DEFAULT(SHARED), PRIVATE(ie,ithr,nets,nete,hybrid)
dynamics/se/dyn_comp.F90:373:       !$OMP PARALLEL DEFAULT(SHARED), PRIVATE(ithr,nets,nete,hybrid,n)
dynamics/se/inidat.F90:307:!$omp parallel do private(ie, t, m_cnst)
dynamics/se/restart_dynamics.F90:160:!$omp parallel do private(ie, j, i)
dynamics/se/restart_dynamics.F90:170:!$omp parallel do private(ie, k, j, i)
dynamics/se/restart_dynamics.F90:189:!$omp parallel do private(ie, j, i)
dynamics/se/restart_dynamics.F90:201:!$omp parallel do private(ie, k, j, i)
dynamics/se/restart_dynamics.F90:218:!$omp parallel do private(ie, k, j, i)
dynamics/se/restart_dynamics.F90:233:!$omp parallel do private(ie, k, j, i)
dynamics/se/restart_dynamics.F90:251:!$omp parallel do private(ie, k, j, i)
dynamics/se/restart_dynamics.F90:265:!$omp parallel do private(ie, k, j, i)
dynamics/se/stepon.F90:283:!$omp parallel do private(k)
dynamics/se/stepon.F90:314:!$omp parallel do private(k, j, i, ic, dp_tmp)
dynamics/se/stepon.F90:338:!$omp parallel do private(k)
dynamics/se/stepon.F90:377:!$omp parallel do private(k, j, i, ic, dp_tmp)
dynamics/se/stepon.F90:406:!$omp parallel do private(k, j, i, dp_tmp)
dynamics/se/gravity_waves_sources.F90:67:    !$OMP PARALLEL DEFAULT(SHARED), PRIVATE(ithr,nets,nete,hybrid,frontgf_thr,frontga_thr)
dynamics/se/share/edge_mod.F90:392:!$omp parallel do private(k,i)
dynamics/se/share/edge_mod.F90:409:!$omp parallel do private(k,i)
dynamics/se/share/edge_mod.F90:428:!$omp parallel do private(k,i,ir)
dynamics/se/share/edge_mod.F90:441:!$omp parallel do private(k,i,ir)
dynamics/se/share/edge_mod.F90:454:!$omp parallel do private(k,i,ir)
dynamics/se/share/edge_mod.F90:467:!$omp parallel do private(k,i,ir)
dynamics/se/share/edge_mod.F90:691:!$omp parallel do private(k,i)
dynamics/se/share/edge_mod.F90:707:!$omp parallel do private(k,i)
dynamics/se/share/prim_driver_mod.F90:860:!$omp parallel do private(k, j, i, t, q, dp)
dynamics/se/share/prim_driver_mod.F90:951:!$omp parallel do private(k, j, i, t, q, dp)
dynamics/se/share/prim_driver_mod.F90:1367:       !$omp parallel do private(k,q)
dynamics/se/share/prim_driver_mod.F90:1497:!$omp parallel do private(k, j, i)
dynamics/se/share/prim_driver_mod.F90:1666:!$omp parallel do private(k)
dynamics/se/share/prim_driver_mod.F90:1674:!$omp parallel do private(k, j, i)
dynamics/se/share/physics_mod.F90:105:!$omp parallel do private(k,i,j)
dynamics/se/share/physics_mod.F90:122:!$omp parallel do private(k,q)
dynamics/se/share/diffusion_mod.F90:94:!$omp parallel do private(k,grad_tmp,i,j,v1,v2,gp,vco,div_tmp,zeta_tmp)
dynamics/se/share/diffusion_mod.F90:173:!$omp parallel do private(k,i,j,div_tmp,grad_div,grad_zeta,v1,v2)
dynamics/se/share/diffusion_mod.F90:267:!$omp parallel do private(k,i,j)
dynamics/se/share/diffusion_mod.F90:347:!$omp parallel do private(k,grad_tmp,i,j,v1,v2)
dynamics/se/share/diffusion_mod.F90:399:!$omp parallel do private(k,i,j,div_tmp)
dynamics/se/share/diffusion_mod.F90:444:!$omp parallel do private(k,i,j)
dynamics/se/share/prim_advance_mod.F90:200:          !$omp parallel do private(k,dp)
dynamics/se/share/prim_advance_mod.F90:346:!$omp parallel do private(k)
dynamics/se/share/prim_advance_mod.F90:603:!$omp parallel do private(k,i,j,v1,v2,vco)
dynamics/se/share/prim_advance_mod.F90:648:!$omp parallel do private(k,i,j)
dynamics/se/share/prim_advance_mod.F90:769:!$omp parallel do private(k,i,j,Vs1,Vs2)
dynamics/se/share/prim_advance_mod.F90:821:!$omp parallel do private(k,i,j,gVscript,deriv)
dynamics/se/share/prim_advance_mod.F90:853:!$omp parallel do private(k,i,j,l)
dynamics/se/share/prim_advance_mod.F90:878:!$omp parallel do private(k,i,j)
dynamics/se/share/prim_advance_mod.F90:917:!$omp parallel do private(k,i,j)
dynamics/se/share/prim_advance_mod.F90:930:!$omp parallel do private(k,i,j,l)
dynamics/se/share/prim_advance_mod.F90:981:!$omp parallel do private(k,i,j,l)
dynamics/se/share/prim_advance_mod.F90:1024:!$omp parallel do private(k,i,j)
dynamics/se/share/prim_advance_mod.F90:1037:!$omp parallel do private(k,i,j,l)
dynamics/se/share/prim_advance_mod.F90:1059:!$omp parallel do private(k,i,j,l)
dynamics/se/share/prim_advance_mod.F90:1165:!$omp parallel do private(k,i,j)
dynamics/se/share/prim_advance_mod.F90:1185:!$omp parallel do private(k,i,j)
dynamics/se/share/prim_advance_mod.F90:1274:!$omp parallel do private(q,k,i,j,v1)
dynamics/se/share/prim_advance_mod.F90:1312:!$omp parallel do private(q,k,i,j,dp)
dynamics/se/share/prim_advance_mod.F90:1431:!$omp parallel do private(k,lap_p,lap_v,deriv,i,j)
dynamics/se/share/prim_advance_mod.F90:1465:!$omp parallel do private(k,i,j)
dynamics/se/share/prim_advance_mod.F90:1523:!$omp parallel do private(k,i,j,lap_p,lap_v,nu_scale_top,dpdn,dpdn0,nu_scale,utens_tmp,vtens_tmp,ptens_tmp)
dynamics/se/share/prim_advance_mod.F90:1592:!$omp parallel do private(k,i,j,v1,v2,heating)
dynamics/se/share/prim_advance_mod.F90:1716:!$omp parallel do private(k,lap_t,lap_v,deriv,i,j)
dynamics/se/share/prim_advance_mod.F90:1750:!$omp parallel do private(k,i,j)
dynamics/se/share/prim_advance_mod.F90:1795:!$omp parallel do private(k,i,j,lap_t,lap_dp,lap_v,nu_scale_top,dpdn,dpdn0,utens_tmp,vtens_tmp,ttens_tmp,dptens_tmp)
dynamics/se/share/prim_advance_mod.F90:1858:!$omp parallel do private(k,i,j,v1,v2,heating)
dynamics/se/share/prim_advance_mod.F90:1983:!$omp parallel do private(k,lap_p,lap_v,deriv,i,j)
dynamics/se/share/prim_advance_mod.F90:2017:!$omp parallel do private(k,i,j)
dynamics/se/share/prim_advance_mod.F90:2049:!$omp parallel do private(k,i,j,lap_p,lap_v,nu_scale_top,dpdn,dpdn0,nu_scale,utens_tmp,vtens_tmp,ptens_tmp)
dynamics/se/share/prim_advance_mod.F90:2123:!$omp parallel do private(k,dXdp)
dynamics/se/share/prim_advance_mod.F90:2144:!$omp parallel do private(k,i,j,v1,v2,heating)
dynamics/se/share/prim_advance_mod.F90:2287:!!$omp parallel do private(k,i,j)
dynamics/se/share/prim_advance_mod.F90:2294:!$omp parallel do private(k,i,j,v1,v2,vtemp)
dynamics/se/share/prim_advance_mod.F90:2360:!$omp parallel do private(k,i,j)
dynamics/se/share/prim_advance_mod.F90:2372:!$omp parallel do private(k,i,j,Qt)
dynamics/se/share/prim_advance_mod.F90:2437:        !$omp parallel do private(k)
dynamics/se/share/prim_advance_mod.F90:2458:     !$omp parallel do private(k)
dynamics/se/share/prim_advance_mod.F90:2477:!$omp parallel do private(k,i,j,v1,v2,E,Ephi,vtemp,vgrad_T,gpterm,glnps1,glnps2)
dynamics/se/share/prim_advance_mod.F90:2697:!$omp parallel do private(k)
dynamics/se/share/prim_advance_mod.F90:2710:!$omp parallel do private(k)
dynamics/se/share/prim_advance_mod.F90:2775:!$omp parallel do private(k,i,j)
dynamics/se/share/filter_mod.F90:972:!$omp parallel do private(k,i,j)
dynamics/se/share/filter_mod.F90:1036:!$omp parallel do private(k,i,j)
dynamics/se/share/filter_mod.F90:1071:!$omp parallel do private(k,i,j,v1,v2,u,v)
dynamics/se/share/viscosity_mod.F90:97:!$omp parallel do private(k, j, i)
dynamics/se/share/viscosity_mod.F90:147:!$omp parallel do private(k, j, i, v)
dynamics/se/share/viscosity_mod.F90:206:!$omp parallel do private(k)
dynamics/se/share/viscosity_mod.F90:239:!$omp parallel do private(k,  v)
dynamics/se/share/viscosity_mod.F90:283:!$omp parallel do private(k, q, lap_p)
dynamics/se/share/viscosity_mod.F90:302:!$omp parallel do private(k, q, lap_p)
dynamics/se/share/viscosity_mod.F90:345:!$omp parallel do private(k, q, lap_p)
dynamics/se/share/viscosity_mod.F90:377:!$omp parallel do private(k, q, lap_p)
dynamics/se/share/viscosity_mod.F90:455:!$omp parallel do private(k)
dynamics/se/share/viscosity_mod.F90:468:!$omp parallel do private(k)
dynamics/se/share/viscosity_mod.F90:499:!$omp parallel do private(k)
dynamics/se/share/viscosity_mod.F90:513:!$omp parallel do private(k)
dynamics/se/share/viscosity_mod.F90:693:!$omp parallel do private(k)
dynamics/se/share/viscosity_mod.F90:729:!$omp parallel do private(k)
dynamics/se/share/viscosity_mod.F90:770:!$omp parallel do private(k, q)
dynamics/se/share/viscosity_mod.F90:786:!$omp parallel do private(k, q)
dynamics/se/share/viscosity_mod.F90:798:!$omp parallel do private(k, q)
dynamics/se/share/viscosity_mod.F90:865:!$omp parallel do private(k)
dynamics/se/share/viscosity_mod.F90:882:!$omp parallel do private(k)
dynamics/se/share/viscosity_mod.F90:892:!$omp parallel do private(k)
dynamics/se/share/viscosity_mod.F90:900:!$omp parallel do private(k)
dynamics/se/share/viscosity_mod.F90:910:!$omp parallel do private(k)
dynamics/se/share/viscosity_mod.F90:918:!$omp parallel do private(k)
dynamics/se/share/viscosity_mod.F90:930:!$omp parallel do private(k)
dynamics/se/share/solver_mod.F90:113:!$omp parallel do private(k,iptr,i,j)
dynamics/se/share/solver_mod.F90:144:!$omp parallel do private(k,Trans,inc,deriv,i,j,gradp1,gradp2)
dynamics/se/share/solver_mod.F90:243:!$omp parallel do private(k,i,j,gradp1,gradp2,div,deriv,iptr)
dynamics/se/share/solver_mod.F90:303:!$omp parallel do private(k,i,j,iptr)
dynamics/se/share/solver_mod.F90:407:!$omp parallel do private(k,i,j,iptr)
dynamics/se/share/solver_mod.F90:432:!$omp parallel do private(k,i,j,deriv,iptr,gradp1,gradp2)
dynamics/se/share/solver_mod.F90:537:!$omp parallel do private(k,i,j,gradp1,gradp2,deriv)
dynamics/se/share/solver_mod.F90:597:!$omp parallel do private(k,i,j,iptr)
dynamics/se/share/solver_mod.F90:629:!$omp parallel do private(k,i,j,iptr)
dynamics/se/share/solver_mod.F90:728:!$omp parallel do private(kk,p,gradp,gradp1,gradp2,deriv,i,j,div,iptr)
dynamics/se/share/prim_advection_mod.F90:156:!$omp parallel do private(qsize,i,j,z1c,z2c,zv,k,dp_np1,dp_star,Qcol,zkr,ilev) &
dynamics/se/share/prim_advection_mod.F90:420:!$omp parallel do private(qsize,i,j,z1c,z2c,zv,k,dp_np1,dp_star,Qcol,zkr,ilev) &
dynamics/se/share/prim_advection_mod.F90:1175:!$omp parallel do private(k, gradQ)
dynamics/se/share/prim_advection_mod.F90:1332:!$omp parallel do private(k, q)
dynamics/se/share/prim_advection_mod.F90:1390:          !$omp parallel do private(k, q, dp0)
dynamics/se/share/prim_advection_mod.F90:1418:        !$omp parallel do private(k, q, dp0)
dynamics/se/share/prim_advection_mod.F90:1446:!$omp parallel do private(k)
dynamics/se/share/prim_advection_mod.F90:1458:!$omp parallel do private(q,k,gradQ,dp_star,qtens)
dynamics/se/share/prim_advection_mod.F90:1508:!$omp parallel do private(k)
dynamics/se/share/prim_advection_mod.F90:1531:!$omp parallel do private(k,q)
dynamics/se/share/prim_advection_mod.F90:1541:      !$omp parallel do private(k,q)
dynamics/se/share/prim_advection_mod.F90:1649:!$omp parallel do private(k)
dynamics/se/share/prim_advection_mod.F90:1677:!$omp parallel do private(k,q)
dynamics/se/share/prim_advection_mod.F90:1944:!$omp parallel do private(k,mass,area,mass2,mass_new,i,j)
dynamics/se/share/prim_advection_mod.F90:2122:!$omp parallel do private(k,q)
dynamics/se/share/prim_advection_mod.F90:2138:!$omp parallel do private(q,k,i,j)
dynamics/se/share/prim_advection_mod.F90:2166:!$omp parallel do private(q,k)
dynamics/se/share/prim_state_mod.F90:788:!$omp parallel do private(k)
dynamics/se/share/prim_state_mod.F90:798:!$omp parallel do private(k,i,j,cp_star1,cp_star2,qval_t1,qval_t2)
dynamics/se/share/prim_state_mod.F90:839:!$omp parallel do private(k,E)
dynamics/se/share/prim_state_mod.F90:935:          !$omp parallel do private(q,k,suml)
dynamics/se/share/prim_state_mod.F90:948:          !$omp parallel do private(q,k,suml)
dynamics/se/share/prim_si_mod.F90:43:!$omp parallel do private(k,j,i,facp,facm)
dynamics/se/share/prim_si_mod.F90:196:!$omp parallel do private(k,j,i,ckk,term,ckl)
dynamics/se/share/prim_si_mod.F90:335:!$omp parallel do private(k,j,i,hkk,hkl)
physics/cam/ghg_data.F90:89:!$OMP PARALLEL DO PRIVATE (LCHNK,tmpptr,pbuf_chnk)
physics/cam/physpkg.F90:933:!$OMP PARALLEL DO PRIVATE (C, phys_buffer_chunk)
physics/cam/physpkg.F90:1015:!$OMP PARALLEL DO PRIVATE (C, NCOL, PTEND, FLX_HEAT)
physics/cam/physpkg.F90:1120:!$OMP PARALLEL DO PRIVATE (C, NCOL, phys_buffer_chunk)
unit_drivers/rad/rad_data_input.F90:144:!$OMP PARALLEL DO PRIVATE (C,pbuf)
unit_drivers/rad/rad_data_input.F90:254:!$OMP PARALLEL DO PRIVATE (c,i,ncol)
unit_drivers/rad/unit_driver.F90:60:!$OMP PARALLEL DO PRIVATE (c, pbuf ,fsns,fsnt,flns,flnt,fsds )
utils/pilgrim/mod_comm.F90:714:!$omp parallel
utils/pilgrim/mod_comm.F90:1756:!$omp parallel do private(i,j,k,inc,inc1)
utils/pilgrim/mod_comm.F90:1867:!$omp parallel do private(i,j,k,inc,inc1)
utils/pilgrim/mod_comm.F90:1938:!$omp parallel do private(i,j,k,inc,inc1)
utils/pilgrim/mod_comm.F90:2060:!$omp parallel do private(i,j,k,inc,inc1)
utils/pilgrim/mod_comm.F90:2126:!$omp parallel do private(i,j,k,inc,inc1)
utils/pilgrim/mod_comm.F90:2236:!$omp parallel do private(i,j,k,inc,inc1)
