ionf_mod.F90:#ifdef _CFIO
ionf_mod.F90:#ifdef _CFIO
ionf_mod.F90:#ifdef _CFIO
ionf_mod.F90:#ifdef _CFIO
ionf_mod.F90:#ifdef _CFIO
ionf_mod.F90:#ifdef _CFIO
nf_mod.F90:#ifdef _CFIO
nf_mod.F90:#ifdef _CFIO
nf_mod.F90:#ifdef _CFIO
nf_mod.F90:#ifdef _CFIO
nf_mod.F90:#ifdef _CFIO
nf_mod.F90:#ifdef _CFIO
nf_mod.F90:#ifdef _CFIO
nf_mod.F90:#ifdef _CFIO
nf_mod.F90:#ifdef _CFIO
nf_mod.F90:#ifdef _CFIO
nf_mod.F90:#ifdef _CFIO
nf_mod.F90:#ifdef _CFIO
nf_mod.F90:#ifdef _CFIO
nf_mod.F90:#ifdef _CFIO
nf_mod.F90:#ifdef _CFIO
nf_mod.F90:#ifdef _CFIO
nf_mod.F90:#ifdef _CFIO
nf_mod.F90:#ifdef _CFIO
nf_mod.F90:#ifdef _CFIO
nf_mod.F90:#ifdef _CFIO

piodarray.F90:#ifdef _CFIO
piodarray.F90:#ifdef _CFIO
piodarray.F90:#ifdef _CFIO

piodarray.F90.in:#ifdef _CFIO
piodarray.F90.in:#ifdef _CFIO
piodarray.F90.in:#ifdef _CFIO

pionfatt_mod.F90:#ifdef _CFIO
pionfatt_mod.F90:#ifdef _CFIO
pionfatt_mod.F90:#ifdef _CFIO
pionfatt_mod.F90:#ifdef _CFIO
pionfatt_mod.F90:#ifdef _CFIO
pionfatt_mod.F90:#ifdef _CFIO
pionfatt_mod.F90:#ifdef _CFIO
pionfatt_mod.F90:#ifdef _CFIO
pionfatt_mod.F90:#ifdef _CFIO
pionfatt_mod.F90:#ifdef _CFIO
pionfatt_mod.F90:#ifdef _CFIO
pionfatt_mod.F90:#ifdef _CFIO
pionfatt_mod.F90:#ifdef _CFIO 
pionfatt_mod.F90:#ifdef _CFIO
pionfatt_mod.F90:#ifdef _CFIO
pionfatt_mod.F90:#ifdef _CFIO

pionfatt_mod.F90.in:#ifdef _CFIO
pionfatt_mod.F90.in:#ifdef _CFIO
pionfatt_mod.F90.in:#ifdef _CFIO
pionfatt_mod.F90.in:#ifdef _CFIO
pionfatt_mod.F90.in:#ifdef _CFIO
pionfatt_mod.F90.in:#ifdef _CFIO

pionfget_mod.F90:#ifdef _CFIO
pionfget_mod.F90:#ifdef _CFIO
pionfget_mod.F90:#ifdef _CFIO
pionfget_mod.F90:#ifdef _CFIO
pionfget_mod.F90:#ifdef _CFIO
pionfget_mod.F90:#ifdef _CFIO
pionfget_mod.F90:#ifdef _CFIO
pionfget_mod.F90:#ifdef _CFIO
pionfget_mod.F90:#ifdef _CFIO
pionfget_mod.F90:#ifdef _CFIO
pionfget_mod.F90:#ifdef _CFIO
pionfget_mod.F90:#ifdef _CFIO
pionfget_mod.F90:#ifdef _CFIO
pionfget_mod.F90:#ifdef _CFIO
pionfget_mod.F90:#ifdef _CFIO
pionfget_mod.F90:#ifdef _CFIO
pionfget_mod.F90:#ifdef _CFIO
pionfget_mod.F90:#ifdef _CFIO
pionfget_mod.F90:#ifdef _CFIO
pionfget_mod.F90:#ifdef _CFIO
pionfget_mod.F90:#ifdef _CFIO
pionfget_mod.F90:#ifdef _CFIO
pionfget_mod.F90:#ifdef _CFIO
pionfget_mod.F90:#ifdef _CFIO
pionfget_mod.F90:#ifdef _CFIO
pionfget_mod.F90:#ifdef _CFIO
pionfget_mod.F90:#ifdef _CFIO
pionfget_mod.F90:#ifdef _CFIO
pionfget_mod.F90:#ifdef _CFIO
pionfget_mod.F90:#ifdef _CFIO
pionfget_mod.F90:#ifdef _CFIO
pionfget_mod.F90:#ifdef _CFIO
pionfget_mod.F90:#ifdef _CFIO
pionfget_mod.F90:#ifdef _CFIO
pionfget_mod.F90:#ifdef _CFIO
pionfget_mod.F90:#ifdef _CFIO
pionfget_mod.F90:#ifdef _CFIO
pionfget_mod.F90:#ifdef _CFIO
pionfget_mod.F90:#ifdef _CFIO
pionfget_mod.F90:#ifdef _CFIO
pionfget_mod.F90:#ifdef _CFIO
pionfget_mod.F90:#ifdef _CFIO
pionfget_mod.F90:#ifdef _CFIO
pionfget_mod.F90:#ifdef _CFIO
pionfget_mod.F90:#ifdef _CFIO
pionfget_mod.F90:#ifdef _CFIO
pionfget_mod.F90:#ifdef _CFIO
pionfget_mod.F90:#ifdef _CFIO
pionfget_mod.F90:#ifdef _CFIO
pionfget_mod.F90:#ifdef _CFIO

pionfget_mod.F90.in:#ifdef _CFIO
pionfget_mod.F90.in:#ifdef _CFIO
pionfget_mod.F90.in:#ifdef _CFIO 
pionfget_mod.F90.in:#ifdef _CFIO 
pionfget_mod.F90.in:#ifdef _CFIO

pionfput_mod.F90:#ifdef _CFIO
pionfput_mod.F90:#ifdef _CFIO
pionfput_mod.F90:#ifdef _CFIO
pionfput_mod.F90:#ifdef _CFIO
pionfput_mod.F90:#ifdef _CFIO
pionfput_mod.F90:#ifdef _CFIO
pionfput_mod.F90:#ifdef _CFIO
pionfput_mod.F90:#ifdef _CFIO
pionfput_mod.F90:#ifdef _CFIO
pionfput_mod.F90:#ifdef _CFIO
pionfput_mod.F90:#ifdef _CFIO
pionfput_mod.F90:#ifdef _CFIO
pionfput_mod.F90:#ifdef _CFIO
pionfput_mod.F90:#ifdef _CFIO
pionfput_mod.F90:#ifdef _CFIO
pionfput_mod.F90:#ifdef _CFIO
pionfput_mod.F90:#ifdef _CFIO
pionfput_mod.F90:#ifdef _CFIO
pionfput_mod.F90:#ifdef _CFIO
pionfput_mod.F90:#ifdef _CFIO
pionfput_mod.F90:#ifdef _CFIO
pionfput_mod.F90:#ifdef _CFIO
pionfput_mod.F90:#ifdef _CFIO
pionfput_mod.F90:#ifdef _CFIO
pionfput_mod.F90:#ifdef _CFIO
pionfput_mod.F90:#ifdef _CFIO
pionfput_mod.F90:#ifdef _CFIO
pionfput_mod.F90:#ifdef _CFIO
pionfput_mod.F90:#ifdef _CFIO
pionfput_mod.F90:#ifdef _CFIO
pionfput_mod.F90:#ifdef _CFIO
pionfput_mod.F90:#ifdef _CFIO
pionfput_mod.F90:#ifdef _CFIO
pionfput_mod.F90:#ifdef _CFIO
pionfput_mod.F90:#ifdef _CFIO
pionfput_mod.F90:#ifdef _CFIO
pionfput_mod.F90:#ifdef _CFIO
pionfput_mod.F90:#ifdef _CFIO
pionfput_mod.F90:#ifdef _CFIO
pionfput_mod.F90:#ifdef _CFIO
pionfput_mod.F90:#ifdef _CFIO
pionfput_mod.F90:#ifdef _CFIO
pionfput_mod.F90:#ifdef _CFIO
pionfput_mod.F90:#ifdef _CFIO
pionfput_mod.F90:#ifdef _CFIO
pionfput_mod.F90:#ifdef _CFIO
pionfput_mod.F90:#ifdef _CFIO
pionfput_mod.F90:#ifdef _CFIO
pionfput_mod.F90:#ifdef _CFIO
pionfput_mod.F90:#ifdef _CFIO
pionfput_mod.F90:#ifdef _CFIO
pionfput_mod.F90:#ifdef _CFIO
pionfput_mod.F90:#ifdef _CFIO
pionfput_mod.F90:#ifdef _CFIO
pionfput_mod.F90:#ifdef _CFIO
pionfput_mod.F90:#ifdef _CFIO
pionfput_mod.F90:#ifdef _CFIO
pionfput_mod.F90:#ifdef _CFIO
pionfput_mod.F90:#ifdef _CFIO
pionfput_mod.F90:#ifdef _CFIO
pionfput_mod.F90:#ifdef _CFIO
pionfput_mod.F90:#ifdef _CFIO
pionfput_mod.F90:#ifdef _CFIO
pionfput_mod.F90:#ifdef _CFIO
pionfput_mod.F90:#ifdef _CFIO
pionfput_mod.F90.in:#ifdef _CFIO
pionfput_mod.F90.in:#ifdef _CFIO
pionfput_mod.F90.in:#ifdef _CFIO
pionfput_mod.F90.in:#ifdef _CFIO
pionfput_mod.F90.in:#ifdef _CFIO
pionfput_mod.F90.in:#ifdef _CFIO
pionfput_mod.F90.in:#ifdef _CFIO
pionfput_mod.F90.in:#ifdef _CFIO
pionfput_mod.F90.in:#ifdef _CFIO
pionfput_mod.F90.in:#ifdef _CFIO

pionfread_mod.F90:#ifdef _CFIO
pionfread_mod.F90:#ifdef _CFIO
pionfread_mod.F90:#ifdef _CFIO
pionfread_mod.F90:#ifdef _CFIO
pionfread_mod.F90:#ifdef _CFIO
pionfread_mod.F90:#ifdef _CFIO
pionfread_mod.F90:#ifdef _CFIO
pionfread_mod.F90:#ifdef _CFIO
pionfread_mod.F90:#ifdef _CFIO
pionfread_mod.F90.in:#ifdef _CFIO
pionfread_mod.F90.in:#ifdef _CFIO
pionfread_mod.F90.in:#ifdef _CFIO
pionfwrite_mod.F90:#ifdef _CFIO
pionfwrite_mod.F90:#ifdef _CFIO
pionfwrite_mod.F90:#ifdef _CFIO
pionfwrite_mod.F90:#ifdef _CFIO
pionfwrite_mod.F90:#ifdef _CFIO
pionfwrite_mod.F90:#ifdef _CFIO
pionfwrite_mod.F90:#ifdef _CFIO
pionfwrite_mod.F90:#ifdef _CFIO
pionfwrite_mod.F90:#ifdef _CFIO
pionfwrite_mod.F90.in:#ifdef _CFIO
pionfwrite_mod.F90.in:#ifdef _CFIO
pionfwrite_mod.F90.in:#ifdef _CFIO
pio_types.F90:#ifdef _CFIO
pio_types.F90:!#ifdef _CFIO
pio_utils.F90:#ifdef _CFIO
pio_utils.F90:#ifdef _CFIO
pio_utils.F90:#ifdef _CFIO
